<?xml version="1.0" encoding="UTF-8"?>
<!-- Generated by org.testng.reporters.JUnitXMLReporter -->
<testsuite ignored="0" hostname="EN911279" failures="0" tests="5" name="Chrome test" time="46.319" errors="0" timestamp="2022-03-10T15:11:22 COT">
  <testcase classname="Runner" name="SortDates" time="5.744"/>
  <testcase classname="Runner" name="SuccessfulSearch" time="2.25"/>
  <testcase classname="Runner" name="ValidateActing" time="6.008"/>
  <testcase classname="Runner" name="VerifyGenre" time="5.208"/>
  <testcase classname="Runner" name="addMovieAPI" time="11.394"/>
</testsuite> <!-- Chrome test -->
