<?xml version="1.0" encoding="UTF-8"?>
<!-- Generated by org.testng.reporters.JUnitXMLReporter -->
<testsuite ignored="1" hostname="EN911279" failures="1" tests="4" name="FireFox test" time="34.223" errors="0" timestamp="2022-03-10T15:11:10 COT">
  <testcase classname="Runner" name="SortDates" time="4.554"/>
  <testcase classname="Runner" name="SuccessfulSearch" time="1.808"/>
  <testcase classname="Runner" name="ValidateActing" time="5.197"/>
  <testcase classname="Runner" name="VerifyGenre" time="0.053">
    <failure type="java.lang.IndexOutOfBoundsException" message="Index 0 out of bounds for length 0">
      <![CDATA[java.lang.IndexOutOfBoundsException: Index 0 out of bounds for length 0
at java.base/jdk.internal.util.Preconditions.outOfBounds(Preconditions.java:64)
at java.base/jdk.internal.util.Preconditions.outOfBoundsCheckIndex(Preconditions.java:70)
at java.base/jdk.internal.util.Preconditions.checkIndex(Preconditions.java:266)
at java.base/java.util.Objects.checkIndex(Objects.java:359)
at java.base/java.util.ArrayList.get(ArrayList.java:427)
at Pages.LandingPage.clickMoviesDropdown(LandingPage.java:36)
at Runner.VerifyGenre(Runner.java:56)
at java.base/java.util.ArrayList.forEach(ArrayList.java:1511)
at java.base/java.util.concurrent.FutureTask.run(FutureTask.java:264)
at java.base/java.util.concurrent.ThreadPoolExecutor.runWorker(ThreadPoolExecutor.java:1136)
at java.base/java.util.concurrent.ThreadPoolExecutor$Worker.run(ThreadPoolExecutor.java:635)
at java.base/java.lang.Thread.run(Thread.java:833)
... Removed 18 stack frames]]>
    </failure>
  </testcase> <!-- VerifyGenre -->
  <testcase classname="Runner" name="addMovieAPI" time="0.0">
    <ignored/>
  </testcase> <!-- addMovieAPI -->
</testsuite> <!-- FireFox test -->
