-------------------------------------------------------------------------------
Test set: TestSuite
-------------------------------------------------------------------------------
Tests run: 9, Failures: 1, Errors: 0, Skipped: 0, Time elapsed: 50.483 s <<< FAILURE! - in TestSuite
VerifyGenre(Runner)  Time elapsed: 0.108 s  <<< FAILURE!
java.lang.IndexOutOfBoundsException: Index 0 out of bounds for length 0
	at Runner.VerifyGenre(Runner.java:56)

