<?xml version="1.0" encoding="UTF-8"?>
<testsuite xmlns:xsi="http://www.w3.org/2001/XMLSchema-instance" xsi:noNamespaceSchemaLocation="https://maven.apache.org/surefire/maven-surefire-plugin/xsd/surefire-test-report.xsd" name="TestSuite" time="50.483" tests="9" errors="0" skipped="0" failures="1">
  <properties>
[...]
</properties>
  <testcase name="SortDates" classname="Runner" time="0.131"/>
  <testcase name="SortDates" classname="Runner" time="2.845"/>
  <testcase name="SuccessfulSearch" classname="Runner" time="2.25"/>
  <testcase name="SuccessfulSearch" classname="Runner" time="1.808"/>
  <testcase name="ValidateActing" classname="Runner" time="3.343"/>
  <testcase name="ValidateActing" classname="Runner" time="0.882"/>
  <testcase name="VerifyGenre" classname="Runner" time="0.108">
    <failure message="Index 0 out of bounds for length 0" type="java.lang.IndexOutOfBoundsException">java.lang.IndexOutOfBoundsException: Index 0 out of bounds for length 0
	at Runner.VerifyGenre(Runner.java:56)
</failure>
    <system-out><![CDATA[2022-03-10 15:11:06 INFO  Runner - ------------Verify genre test ---------
2022-03-10 15:11:06 INFO  LandingPage - Hover over Movies dropdown
]]></system-out>
  </testcase>
  <testcase name="VerifyGenre" classname="Runner" time="3.6"/>
  <testcase name="addMovieAPI" classname="Runner" time="11.395"/>
</testsuite>