<?xml version="1.0" encoding="UTF-8"?>
<testng-results ignored="1" total="10" passed="8" failed="1" skipped="0">
  <reporter-output>
  </reporter-output>
  <suite started-at="2022-03-10T15:10:36 COT" name="Suite" finished-at="2022-03-10T15:11:22 COT" duration-ms="46319">
    <groups>
    </groups>
    <test started-at="2022-03-10T15:10:36 COT" name="FireFox test" finished-at="2022-03-10T15:11:10 COT" duration-ms="34223">
      <class name="Runner">
        <test-method is-config="true" signature="SetupPage(java.lang.String)[pri:0, instance:Runner@1eff3cfb]" started-at="2022-03-10T15:10:36 COT" name="SetupPage" finished-at="2022-03-10T15:10:49 COT" duration-ms="13228" status="PASS">
          <params>
            <param index="0">
              <value>
                <![CDATA[FireFox]]>
              </value>
            </param>
          </params>
          <reporter-output>
          </reporter-output>
        </test-method> <!-- SetupPage -->
        <test-method is-config="true" signature="navigateHomePage()[pri:0, instance:Runner@1eff3cfb]" started-at="2022-03-10T15:10:49 COT" name="navigateHomePage" finished-at="2022-03-10T15:10:52 COT" duration-ms="3371" status="PASS">
          <reporter-output>
          </reporter-output>
        </test-method> <!-- navigateHomePage -->
        <test-method signature="SortDates()[pri:0, instance:Runner@1eff3cfb]" started-at="2022-03-10T15:10:52 COT" name="SortDates" finished-at="2022-03-10T15:10:57 COT" duration-ms="4554" status="PASS">
          <reporter-output>
          </reporter-output>
        </test-method> <!-- SortDates -->
        <test-method is-config="true" signature="navigateHomePage()[pri:0, instance:Runner@1eff3cfb]" started-at="2022-03-10T15:10:57 COT" name="navigateHomePage" finished-at="2022-03-10T15:10:58 COT" duration-ms="811" status="PASS">
          <reporter-output>
          </reporter-output>
        </test-method> <!-- navigateHomePage -->
        <test-method signature="SuccessfulSearch()[pri:0, instance:Runner@1eff3cfb]" started-at="2022-03-10T15:10:58 COT" name="SuccessfulSearch" finished-at="2022-03-10T15:10:59 COT" duration-ms="1808" status="PASS">
          <reporter-output>
          </reporter-output>
        </test-method> <!-- SuccessfulSearch -->
        <test-method is-config="true" signature="navigateHomePage()[pri:0, instance:Runner@1eff3cfb]" started-at="2022-03-10T15:10:59 COT" name="navigateHomePage" finished-at="2022-03-10T15:11:00 COT" duration-ms="536" status="PASS">
          <reporter-output>
          </reporter-output>
        </test-method> <!-- navigateHomePage -->
        <test-method signature="ValidateActing()[pri:0, instance:Runner@1eff3cfb]" started-at="2022-03-10T15:11:00 COT" name="ValidateActing" finished-at="2022-03-10T15:11:05 COT" duration-ms="5197" status="PASS">
          <reporter-output>
          </reporter-output>
        </test-method> <!-- ValidateActing -->
        <test-method is-config="true" signature="navigateHomePage()[pri:0, instance:Runner@1eff3cfb]" started-at="2022-03-10T15:11:05 COT" name="navigateHomePage" finished-at="2022-03-10T15:11:06 COT" duration-ms="710" status="PASS">
          <reporter-output>
          </reporter-output>
        </test-method> <!-- navigateHomePage -->
        <test-method signature="VerifyGenre()[pri:0, instance:Runner@1eff3cfb]" started-at="2022-03-10T15:11:06 COT" name="VerifyGenre" finished-at="2022-03-10T15:11:06 COT" duration-ms="53" status="FAIL">
          <exception class="java.lang.IndexOutOfBoundsException">
            <message>
              <![CDATA[Index 0 out of bounds for length 0]]>
            </message>
            <full-stacktrace>
              <![CDATA[java.lang.IndexOutOfBoundsException: Index 0 out of bounds for length 0
at java.base/jdk.internal.util.Preconditions.outOfBounds(Preconditions.java:64)
at java.base/jdk.internal.util.Preconditions.outOfBoundsCheckIndex(Preconditions.java:70)
at java.base/jdk.internal.util.Preconditions.checkIndex(Preconditions.java:266)
at java.base/java.util.Objects.checkIndex(Objects.java:359)
at java.base/java.util.ArrayList.get(ArrayList.java:427)
at Pages.LandingPage.clickMoviesDropdown(LandingPage.java:36)
at Runner.VerifyGenre(Runner.java:56)
at java.base/jdk.internal.reflect.NativeMethodAccessorImpl.invoke0(Native Method)
at java.base/jdk.internal.reflect.NativeMethodAccessorImpl.invoke(NativeMethodAccessorImpl.java:77)
at java.base/jdk.internal.reflect.DelegatingMethodAccessorImpl.invoke(DelegatingMethodAccessorImpl.java:43)
at java.base/java.lang.reflect.Method.invoke(Method.java:568)
at org.testng.internal.MethodInvocationHelper.invokeMethod(MethodInvocationHelper.java:133)
at org.testng.internal.TestInvoker.invokeMethod(TestInvoker.java:598)
at org.testng.internal.TestInvoker.invokeTestMethod(TestInvoker.java:173)
at org.testng.internal.MethodRunner.runInSequence(MethodRunner.java:46)
at org.testng.internal.TestInvoker$MethodInvocationAgent.invoke(TestInvoker.java:824)
at org.testng.internal.TestInvoker.invokeTestMethods(TestInvoker.java:146)
at org.testng.internal.TestMethodWorker.invokeTestMethods(TestMethodWorker.java:146)
at org.testng.internal.TestMethodWorker.run(TestMethodWorker.java:128)
at java.base/java.util.ArrayList.forEach(ArrayList.java:1511)
at org.testng.TestRunner.privateRun(TestRunner.java:794)
at org.testng.TestRunner.run(TestRunner.java:596)
at org.testng.SuiteRunner.runTest(SuiteRunner.java:377)
at org.testng.SuiteRunner.access$000(SuiteRunner.java:28)
at org.testng.SuiteRunner$SuiteWorker.run(SuiteRunner.java:418)
at org.testng.internal.thread.ThreadUtil.lambda$execute$0(ThreadUtil.java:64)
at java.base/java.util.concurrent.FutureTask.run(FutureTask.java:264)
at java.base/java.util.concurrent.ThreadPoolExecutor.runWorker(ThreadPoolExecutor.java:1136)
at java.base/java.util.concurrent.ThreadPoolExecutor$Worker.run(ThreadPoolExecutor.java:635)
at java.base/java.lang.Thread.run(Thread.java:833)
]]>
            </full-stacktrace>
          </exception> <!-- java.lang.IndexOutOfBoundsException -->
          <reporter-output>
          </reporter-output>
        </test-method> <!-- VerifyGenre -->
        <test-method is-config="true" signature="tearDown()[pri:0, instance:Runner@1eff3cfb]" started-at="2022-03-10T15:11:06 COT" name="tearDown" finished-at="2022-03-10T15:11:10 COT" duration-ms="3744" status="PASS">
          <reporter-output>
          </reporter-output>
        </test-method> <!-- tearDown -->
      </class> <!-- Runner -->
    </test> <!-- FireFox test -->
    <test started-at="2022-03-10T15:10:36 COT" name="Chrome test" finished-at="2022-03-10T15:11:22 COT" duration-ms="46319">
      <class name="Runner">
        <test-method is-config="true" signature="SetupPage(java.lang.String)[pri:0, instance:Runner@9b76b60]" started-at="2022-03-10T15:10:36 COT" name="SetupPage" finished-at="2022-03-10T15:10:44 COT" duration-ms="8853" status="PASS">
          <params>
            <param index="0">
              <value>
                <![CDATA[Chrome]]>
              </value>
            </param>
          </params>
          <reporter-output>
          </reporter-output>
        </test-method> <!-- SetupPage -->
        <test-method is-config="true" signature="navigateHomePage()[pri:0, instance:Runner@9b76b60]" started-at="2022-03-10T15:10:45 COT" name="navigateHomePage" finished-at="2022-03-10T15:10:46 COT" duration-ms="1689" status="PASS">
          <reporter-output>
          </reporter-output>
        </test-method> <!-- navigateHomePage -->
        <test-method signature="SortDates()[pri:0, instance:Runner@9b76b60]" started-at="2022-03-10T15:10:47 COT" name="SortDates" finished-at="2022-03-10T15:10:52 COT" duration-ms="5744" status="PASS">
          <reporter-output>
          </reporter-output>
        </test-method> <!-- SortDates -->
        <test-method is-config="true" signature="navigateHomePage()[pri:0, instance:Runner@9b76b60]" started-at="2022-03-10T15:10:52 COT" name="navigateHomePage" finished-at="2022-03-10T15:10:54 COT" duration-ms="1526" status="PASS">
          <reporter-output>
          </reporter-output>
        </test-method> <!-- navigateHomePage -->
        <test-method signature="SuccessfulSearch()[pri:0, instance:Runner@9b76b60]" started-at="2022-03-10T15:10:54 COT" name="SuccessfulSearch" finished-at="2022-03-10T15:10:56 COT" duration-ms="2250" status="PASS">
          <reporter-output>
          </reporter-output>
        </test-method> <!-- SuccessfulSearch -->
        <test-method is-config="true" signature="navigateHomePage()[pri:0, instance:Runner@9b76b60]" started-at="2022-03-10T15:10:56 COT" name="navigateHomePage" finished-at="2022-03-10T15:10:57 COT" duration-ms="1106" status="PASS">
          <reporter-output>
          </reporter-output>
        </test-method> <!-- navigateHomePage -->
        <test-method signature="ValidateActing()[pri:0, instance:Runner@9b76b60]" started-at="2022-03-10T15:10:57 COT" name="ValidateActing" finished-at="2022-03-10T15:11:03 COT" duration-ms="6008" status="PASS">
          <reporter-output>
          </reporter-output>
        </test-method> <!-- ValidateActing -->
        <test-method is-config="true" signature="navigateHomePage()[pri:0, instance:Runner@9b76b60]" started-at="2022-03-10T15:11:03 COT" name="navigateHomePage" finished-at="2022-03-10T15:11:04 COT" duration-ms="965" status="PASS">
          <reporter-output>
          </reporter-output>
        </test-method> <!-- navigateHomePage -->
        <test-method signature="VerifyGenre()[pri:0, instance:Runner@9b76b60]" started-at="2022-03-10T15:11:04 COT" name="VerifyGenre" finished-at="2022-03-10T15:11:10 COT" duration-ms="5208" status="PASS">
          <reporter-output>
          </reporter-output>
        </test-method> <!-- VerifyGenre -->
        <test-method is-config="true" signature="navigateHomePage()[pri:0, instance:Runner@9b76b60]" started-at="2022-03-10T15:11:10 COT" name="navigateHomePage" finished-at="2022-03-10T15:11:10 COT" duration-ms="546" status="PASS">
          <reporter-output>
          </reporter-output>
        </test-method> <!-- navigateHomePage -->
        <test-method signature="addMovieAPI(java.lang.String,java.lang.String,java.lang.String,java.lang.String)[pri:0, instance:Runner@9b76b60]" started-at="2022-03-10T15:11:10 COT" name="addMovieAPI" data-provider="API_case" finished-at="2022-03-10T15:11:21 COT" duration-ms="11394" status="PASS">
          <params>
            <param index="0">
              <value>
                <![CDATA[Comedy]]>
              </value>
            </param>
            <param index="1">
              <value>
                <![CDATA[This is an example list]]>
              </value>
            </param>
            <param index="2">
              <value>
                <![CDATA[Red Notice]]>
              </value>
            </param>
            <param index="3">
              <value>
                <![CDATA[512195]]>
              </value>
            </param>
          </params>
          <reporter-output>
          </reporter-output>
        </test-method> <!-- addMovieAPI -->
        <test-method is-config="true" signature="tearDown()[pri:0, instance:Runner@9b76b60]" started-at="2022-03-10T15:11:21 COT" name="tearDown" finished-at="2022-03-10T15:11:22 COT" duration-ms="423" status="PASS">
          <reporter-output>
          </reporter-output>
        </test-method> <!-- tearDown -->
      </class> <!-- Runner -->
    </test> <!-- Chrome test -->
  </suite> <!-- Suite -->
</testng-results>
